-=LOG OF Launcher.py=-
Spouštím Launcher.py...
Importuji...
Import dokončen.
Původní aktuální pracovní adresář (CWD): C:\Users\mimrp\Desktop\g
Zjištěný kořenový adresář aplikace (kde je skript/exe): c:\Users\mimrp\Desktop\g
Aktuální pracovní adresář (CWD) změněn na: C:\Users\mimrp\Desktop\g

--- Pokračování programu ---
Program nyní pracuje v adresáři: C:\Users\mimrp\Desktop\g
Definuji lokální proměnné...
Definuji lokální proměnné - CONFIG_FILE, CONFIG_DIR, config...
DEBUG: CONFIG_FILE nastaveno na: C:\Users\mimrp\Desktop\g\config\config.json
DEBUG: CONFIG_DIR nastaveno na: C:\Users\mimrp\Desktop\g\config
DEBUG: config načteno: {'path_game': 'Game/', 'platform_version': 'Win32', 'game_version': 'a0.0.2'}
Definice lokálních proměnných dokončena.
Kontroluji složku config...
DEBUG: Složka 'C:\Users\mimrp\Desktop\g\config' již existuje.
Kontrola složky config dokončena.
Zajišťuji výchozí hodnoty v config...
DEBUG: 'game_version' již existuje v konfiguraci: a0.0.2.
Zajištění výchozích hodnot v config dokončena.
Kontroluji a vytvářím složku pro hru...
Adresář 'C:\Users\mimrp\Desktop\g\Game' již existuje.
Kontrola a vytvoření složky pro hru dokončena.
Kontroluji cestu ke hře v konfiguraci...
Nastavená cesta ke hře: Game/
Kontrola cesty ke hře v konfiguraci dokončena.
Definuji URL pro stažení verze hry z GitHubu...
DEBUG: URL pro verzi hry z GitHubu: https://raw.githubusercontent.com/Bohemia-trains/MimrpimEngine-Download/refs/heads/main/launcher/game.version
Stahuji verzi hry z GitHubu...
DEBUG: Pokouším se stáhnout game.version z https://raw.githubusercontent.com/Bohemia-trains/MimrpimEngine-Download/refs/heads/main/launcher/game.version

Soubor 'game.version.tmp' byl úspěšně stažen.
Verze hry z GitHubu: a0.0.2
DEBUG: Dočasný soubor 'C:\Users\mimrp\Desktop\g\game.version.tmp' smazán.
Porovnávám GitHub verzi (a0.0.2) s lokální verzí (a0.0.2).
Verze hry je aktuální.
DEBUG: Systém je Windows, start_game_command nastaven na: ['cmd.exe', '/C', 'run.bat']
Spouštím hru: ['cmd.exe', '/C', 'run.bat'] v adresáři: C:\Users\mimrp\Desktop\g\Game
DEBUG: Pokouším se spustit subprocess: ['cmd.exe', '/C', 'run.bat'] s cwd=C:\Users\mimrp\Desktop\g\Game
Příkaz '['cmd.exe', '/C', 'run.bat']' byl úspěšně spuštěn.
