-=LOG OF Launcher.py=-
Spouštím Launcher.py...
Importuji...
Import dokončen.
Původní aktuální pracovní adresář (CWD): C:\Users\mimrp\Desktop\g
Zjištěný kořenový adresář aplikace (kde je skript/exe): c:\Users\mimrp\Desktop\g
Aktuální pracovní adresář (CWD) změněn na: C:\Users\mimrp\Desktop\g

--- Pokračování programu ---
Program nyní pracuje v adresáři: C:\Users\mimrp\Desktop\g
Definuji lokální proměnné...
Definuji lokální proměnné - CONFIG_FILE, CONFIG_DIR, config...
DEBUG: CONFIG_FILE nastaveno na: C:\Users\mimrp\Desktop\g\config\config.json
DEBUG: CONFIG_DIR nastaveno na: C:\Users\mimrp\Desktop\g\config
DEBUG: config načteno: {'path_game': 'Game/MimrpimEngine', 'platform_version': 'Win32', 'game_version': '0.0.0'}
Definice lokálních proměnných dokončena.
Kontroluji složku config...
DEBUG: Složka 'C:\Users\mimrp\Desktop\g\config' již existuje.
Kontrola složky config dokončena.
Zajišťuji výchozí hodnoty v config...
DEBUG: 'game_version' již existuje v konfiguraci: 0.0.0.
Zajištění výchozích hodnot v config dokončena.
Kontroluji a vytvářím složku pro hru...
Adresář 'C:\Users\mimrp\Desktop\g\Game\MimrpimEngine' již existuje.
Kontrola a vytvoření složky pro hru dokončena.
Kontroluji cestu ke hře v konfiguraci...
Nastavená cesta ke hře: Game/MimrpimEngine
Kontrola cesty ke hře v konfiguraci dokončena.
Definuji URL pro stažení verze hry z GitHubu...
DEBUG: URL pro verzi hry z GitHubu: https://raw.githubusercontent.com/Bohemia-trains/MimrpimEngine-Download/refs/heads/main/launcher/game.version
Stahuji verzi hry z GitHubu...
DEBUG: Pokouším se stáhnout game.version z https://raw.githubusercontent.com/Bohemia-trains/MimrpimEngine-Download/refs/heads/main/launcher/game.version

Soubor 'game.version.tmp' byl úspěšně stažen.
Verze hry z GitHubu: a0.0.2
DEBUG: Dočasný soubor 'C:\Users\mimrp\Desktop\g\game.version.tmp' smazán.
Porovnávám GitHub verzi (a0.0.2) s lokální verzí (0.0.0).
Verze hry není aktuální. Stahuji aktualizaci.
DEBUG: Aktualizuji config['game_version'] z 0.0.0 na a0.0.2.
Konfigurace úspěšně uložena do 'C:\Users\mimrp\Desktop\g\config\config.json'.
Nová verze uložena do config.json.
DEBUG: URL pro seznam souborů aktualizace: https://raw.githubusercontent.com/Bohemia-trains/MimrpimEngine-Download/refs/heads/main/launcher/a0.0.2/list.txt
DEBUG: Složka pro stahování seznamu: C:\Users\mimrp\Desktop\g\download
DEBUG: Název lokálního seznamu: list.txt
DEBUG: Složka pro stahování obsahu seznamu: C:\Users\mimrp\Desktop\g\download
Složka 'C:\Users\mimrp\Desktop\g\download' byla vytvořena pro uložení list.txt.
Stahuji soubor se seznamem URL z: https://raw.githubusercontent.com/Bohemia-trains/MimrpimEngine-Download/refs/heads/main/launcher/a0.0.2/list.txt
DEBUG: Pokouším se stáhnout list.txt z https://raw.githubusercontent.com/Bohemia-trains/MimrpimEngine-Download/refs/heads/main/launcher/a0.0.2/list.txt

Soubor 'list.txt' byl úspěšně stažen.
Seznam URL úspěšně stažen do: C:\Users\mimrp\Desktop\g\download\list.txt
Spouštím aktualizaci souborů...
DEBUG: Volám funkci update1 s 'C:\Users\mimrp\Desktop\g\download\list.txt' a 'C:\Users\mimrp\Desktop\g\download'.
Začínám stahování souborů do složky 'C:\Users\mimrp\Desktop\g\download' z lokálního seznamu.
Stahuji soubor 1/1: 'https://github.com/Bohemia-trains/MimrpimEngine-Download/releases/download/v0.0.2-Alpha-Game/Launcher.rar' do 'C:\Users\mimrp\Desktop\g\download\Launcher.rar'...

Soubor 'Launcher.rar' byl úspěšně stažen.

--- Stahování obsahu seznamu dokončeno ---
Celkem staženo úspěšně: 1
Celkem selhalo: 0
Funkce update1 dokončena.
Mažu dočasný soubor se seznamem URL...
DEBUG: Pokouším se smazat soubor: C:\Users\mimrp\Desktop\g\download\list.txt
Soubor 'list.txt' byl úspěšně smazán.
DEBUG: Systém je Windows, start_command pro aktualizaci nastaven na: ['cmd.exe', '/C', '.\\update.cmd', 'Game\\MimrpimEngine']
Spouštím příkaz pro aktualizaci: ['cmd.exe', '/C', '.\\update.cmd', 'Game\\MimrpimEngine']
Příkaz '['cmd.exe', '/C', '.\\update.cmd', 'Game\\MimrpimEngine']' pro aktualizaci byl úspěšně spuštěn.
DEBUG: Systém je Windows, start_game_command po aktualizaci nastaven na: ['cmd.exe', '/C', 'run.bat']
Spouštím hru: ['cmd.exe', '/C', 'run.bat'] v adresáři: C:\Users\mimrp\Desktop\g\Game\MimrpimEngine
DEBUG: Pokouším se spustit subprocess pro hru po aktualizaci: ['cmd.exe', '/C', 'run.bat']
Příkaz '['cmd.exe', '/C', 'run.bat']' po aktualizaci byl úspěšně spuštěn.
