Původní aktuální pracovní adresář (CWD): C:\Users\mimrp\.git\MimrpimEngine-Launcher
Zjištěný kořenový adresář aplikace (kde je skript/exe): c:\Users\mimrp\.git\MimrpimEngine-Launcher\Python
Aktuální pracovní adresář (CWD) změněn na: c:\Users\mimrp\.git\MimrpimEngine-Launcher\Python

--- Pokračování programu ---
Program nyní pracuje v adresáři: c:\Users\mimrp\.git\MimrpimEngine-Launcher\Python
Konfigurace načtena: {'path_game': 'Game/MimrpimEngine', 'platform_version': 'Win32', 'game_version': 'a0.0.2'}
Ikona okna načtena z: c:\Users\mimrp\.git\MimrpimEngine-Launcher\Python\icon.ico
Načítám obsah changelogu z: https://raw.githubusercontent.com/Bohemia-trains/MimrpimEngine-Download/refs/heads/main/launcher/changelog.md
Changelog načten.
Tlačítko 'Nastavení' vytvořeno.
Checkbox 'Force Install' vytvořen.
Tlačítko Play/Install vytvořeno.
Popisek 'Vyberte verzi:' vytvořen.
Dropdown pro výběr platformy vytvořen.
Kontroluji verzi hry... Lokální: a0.0.2, Vzdálená: a0.0.2
Verze hry je aktuální. Tlačítko nastaveno na 'Play'.
Kontroluji verzi hry... Lokální: a0.0.2, Vzdálená: a0.0.2
Force Install je aktivní. Tlačítko nastaveno na 'Install (Force)'.
Kontroluji verzi hry... Lokální: a0.0.2, Vzdálená: a0.0.2
Verze hry je aktuální. Tlačítko nastaveno na 'Play'.
Konfigurace úspěšně uložena do 'c:\Users\mimrp\.git\MimrpimEngine-Launcher\Python\config\config.json'.
Cesta ke hře uložena: Game/MimrpimEngine
Kontroluji verzi hry... Lokální: a0.0.2, Vzdálená: a0.0.2
Force Install je aktivní. Tlačítko nastaveno na 'Install (Force)'.
Konfigurace úspěšně uložena do 'c:\Users\mimrp\.git\MimrpimEngine-Launcher\Python\config\config.json'.
Platform version changed to: Win32
Vytvořena složka pro hru: c:\Users\mimrp\.git\MimrpimEngine-Launcher\Python\Game/MimrpimEngine
Spouštím externí příkaz: c:\Users\mimrp\.git\MimrpimEngine-Launcher\Python\force_start.exe
