Původní aktuální pracovní adresář (CWD): C:\Users\mimrp\.git\MimrpimEngine-Launcher
Zjištěný kořenový adresář aplikace (kde je skript/exe): c:\Users\mimrp\.git\MimrpimEngine-Launcher\Python
Aktuální pracovní adresář (CWD) změněn na: c:\Users\mimrp\.git\MimrpimEngine-Launcher\Python

--- Pokračování programu ---
Program nyní pracuje v adresáři: c:\Users\mimrp\.git\MimrpimEngine-Launcher\Python
Pygame mixer inicializován.
Konfigurace načtena: {'path_game': 'Game/MimrpimEngine', 'platform_version': 'Win32', 'game_version': 'a0.0.2', 'music_enabled': True}
Složka pro hru (path_game) již existuje: c:\Users\mimrp\.git\MimrpimEngine-Launcher\Python\Game/MimrpimEngine
Ikona okna načtena z: c:\Users\mimrp\.git\MimrpimEngine-Launcher\Python\icon.ico
Načítám obsah changelogu z: https://raw.githubusercontent.com/Bohemia-trains/MimrpimEngine-Download/refs/heads/main/launcher/changelog.md
Changelog načten.
Tlačítko 'Nastavení' vytvořeno.
Checkbox 'Force Install' vytvořen.
Tlačítko Play/Install vytvořeno.
Popisek 'Vyberte verzi:' vytvořen.
Dropdown pro výběr platformy vytvořen.
Kontroluji verzi hry...Spuštěna kontrola verze na pozadí. Tlačítko nastaveno na 'Kontroluji...'.

Hudba 'Menu.mp3' spuštěna v nekonečné smyčce.
Konfigurace úspěšně uložena do 'c:\Users\mimrp\.git\MimrpimEngine-Launcher\Python\config\config.json'.
Cesta ke hře uložena: Game/MimrpimEngine
Stav hudby uložen: False
Hudba zastavena.
Konfigurace úspěšně uložena do 'c:\Users\mimrp\.git\MimrpimEngine-Launcher\Python\config\config.json'.
Cesta ke hře uložena: Game/MimrpimEngine
Stav hudby uložen: True
Hudba 'Menu.mp3' spuštěna v nekonečné smyčce.
